<?xml version="1.0" encoding="UTF-8"?>
<!-- Generated by org.testng.reporters.JUnitXMLReporter -->
<testsuite ignored="7" hostname="Priyanka" failures="0" tests="0" name="Sanity Test" time="0.665" errors="0" timestamp="2023-12-10T17:39:10 GMT">
  <testcase classname="com.tutorialsninja.demo.testsuite.LaptopsAndNoteBooksPageTest" name="verifyThatUserPlaceOrderSuccessfully" time="0.0">
    <ignored/>
  </testcase> <!-- verifyThatUserPlaceOrderSuccessfully -->
  <testcase classname="com.tutorialsninja.demo.testsuite.MyAccountPageTest" name="verifyThatUserShouldLoginAndLogoutSuccessfully" time="0.0">
    <ignored/>
  </testcase> <!-- verifyThatUserShouldLoginAndLogoutSuccessfully -->
  <testcase classname="com.tutorialsninja.demo.testsuite.MyAccountPageTest" name="verifyThatUserRegisterAccountSuccessfully" time="0.0">
    <ignored/>
  </testcase> <!-- verifyThatUserRegisterAccountSuccessfully -->
  <testcase classname="com.tutorialsninja.demo.testsuite.MyAccountPageTest" name="verifyUserShouldNavigateToLoginPageSuccessfully" time="0.0">
    <ignored/>
  </testcase> <!-- verifyUserShouldNavigateToLoginPageSuccessfully -->
  <testcase classname="com.tutorialsninja.demo.testsuite.DesktopPageTest" name="verifyProductAddedToShoppingCartSuccessFully" time="0.0">
    <ignored/>
  </testcase> <!-- verifyProductAddedToShoppingCartSuccessFully -->
  <testcase classname="com.tutorialsninja.demo.testsuite.TopMenuPageTest" name="verifyUserShouldNavigateToLaptopsAndNotebooksPageSuccessfully" time="0.0">
    <ignored/>
  </testcase> <!-- verifyUserShouldNavigateToLaptopsAndNotebooksPageSuccessfully -->
  <testcase classname="com.tutorialsninja.demo.testsuite.TopMenuPageTest" name="verifyUserShouldNavigateToComponentsPageSuccessfully" time="0.0">
    <ignored/>
  </testcase> <!-- verifyUserShouldNavigateToComponentsPageSuccessfully -->
</testsuite> <!-- Sanity Test -->
